{"/Users/timothy.hawkins/Desktop/dev/food-data-service/index.js": {"path":"/Users/timothy.hawkins/Desktop/dev/food-data-service/index.js","statementMap":{"0":{"start":{"line":1,"column":16},"end":{"line":1,"column":34}},"1":{"start":{"line":2,"column":12},"end":{"line":2,"column":21}},"2":{"start":{"line":3,"column":17},"end":{"line":3,"column":36}},"3":{"start":{"line":4,"column":15},"end":{"line":4,"column":32}},"4":{"start":{"line":5,"column":13},"end":{"line":5,"column":37}},"5":{"start":{"line":6,"column":26},"end":{"line":6,"column":57}},"6":{"start":{"line":8,"column":0},"end":{"line":10,"column":63}},"7":{"start":{"line":9,"column":14},"end":{"line":9,"column":64}},"8":{"start":{"line":10,"column":15},"end":{"line":10,"column":61}},"9":{"start":{"line":12,"column":0},"end":{"line":12,"column":24}},"10":{"start":{"line":13,"column":0},"end":{"line":19,"column":3}},"11":{"start":{"line":14,"column":2},"end":{"line":14,"column":74}},"12":{"start":{"line":15,"column":2},"end":{"line":15,"column":74}},"13":{"start":{"line":16,"column":2},"end":{"line":16,"column":81}},"14":{"start":{"line":17,"column":2},"end":{"line":17,"column":58}},"15":{"start":{"line":18,"column":2},"end":{"line":18,"column":9}},"16":{"start":{"line":21,"column":0},"end":{"line":21,"column":47}},"17":{"start":{"line":23,"column":15},"end":{"line":25,"column":2}},"18":{"start":{"line":24,"column":2},"end":{"line":24,"column":46}},"19":{"start":{"line":27,"column":0},"end":{"line":29,"column":3}},"20":{"start":{"line":28,"column":2},"end":{"line":28,"column":52}},"21":{"start":{"line":31,"column":0},"end":{"line":31,"column":24}}},"fnMap":{"0":{"name":"(anonymous_0)","decl":{"start":{"line":9,"column":8},"end":{"line":9,"column":9}},"loc":{"start":{"line":9,"column":14},"end":{"line":9,"column":64}},"line":9},"1":{"name":"(anonymous_1)","decl":{"start":{"line":10,"column":9},"end":{"line":10,"column":10}},"loc":{"start":{"line":10,"column":15},"end":{"line":10,"column":61}},"line":10},"2":{"name":"(anonymous_2)","decl":{"start":{"line":13,"column":8},"end":{"line":13,"column":9}},"loc":{"start":{"line":13,"column":34},"end":{"line":19,"column":1}},"line":13},"3":{"name":"(anonymous_3)","decl":{"start":{"line":23,"column":32},"end":{"line":23,"column":33}},"loc":{"start":{"line":23,"column":38},"end":{"line":25,"column":1}},"line":23},"4":{"name":"(anonymous_4)","decl":{"start":{"line":27,"column":13},"end":{"line":27,"column":14}},"loc":{"start":{"line":27,"column":27},"end":{"line":29,"column":1}},"line":27}},"branchMap":{"0":{"loc":{"start":{"line":5,"column":13},"end":{"line":5,"column":37}},"type":"binary-expr","locations":[{"start":{"line":5,"column":13},"end":{"line":5,"column":29}},{"start":{"line":5,"column":33},"end":{"line":5,"column":37}}],"line":5}},"s":{"0":1,"1":1,"2":1,"3":1,"4":1,"5":1,"6":1,"7":1,"8":0,"9":1,"10":1,"11":3,"12":3,"13":3,"14":3,"15":3,"16":1,"17":1,"18":1,"19":1,"20":0,"21":1},"f":{"0":1,"1":0,"2":3,"3":1,"4":0},"b":{"0":[1,1]},"_coverageSchema":"332fd63041d2c1bcb487cc26dd0d5f7d97098a6c","hash":"8605970a246955af920866559d12229c36a9f7fa"}
,"/Users/timothy.hawkins/Desktop/dev/food-data-service/models/restaurants.js": {"path":"/Users/timothy.hawkins/Desktop/dev/food-data-service/models/restaurants.js","statementMap":{"0":{"start":{"line":1,"column":17},"end":{"line":1,"column":36}},"1":{"start":{"line":3,"column":25},"end":{"line":16,"column":2}},"2":{"start":{"line":18,"column":19},"end":{"line":18,"column":65}},"3":{"start":{"line":21,"column":2},"end":{"line":22,"column":53}},"4":{"start":{"line":26,"column":15},"end":{"line":26,"column":38}},"5":{"start":{"line":27,"column":2},"end":{"line":27,"column":16}},"6":{"start":{"line":31,"column":19},"end":{"line":35,"column":4}},"7":{"start":{"line":36,"column":2},"end":{"line":36,"column":33}},"8":{"start":{"line":39,"column":0},"end":{"line":44,"column":1}}},"fnMap":{"0":{"name":"getRestaurant","decl":{"start":{"line":20,"column":15},"end":{"line":20,"column":28}},"loc":{"start":{"line":20,"column":37},"end":{"line":23,"column":1}},"line":20},"1":{"name":"getRestaurants","decl":{"start":{"line":25,"column":15},"end":{"line":25,"column":29}},"loc":{"start":{"line":25,"column":32},"end":{"line":28,"column":1}},"line":25},"2":{"name":"postRestaurant","decl":{"start":{"line":30,"column":15},"end":{"line":30,"column":29}},"loc":{"start":{"line":30,"column":36},"end":{"line":37,"column":1}},"line":30}},"branchMap":{},"s":{"0":1,"1":1,"2":1,"3":1,"4":2,"5":2,"6":0,"7":0,"8":1},"f":{"0":1,"1":2,"2":0},"b":{},"_coverageSchema":"332fd63041d2c1bcb487cc26dd0d5f7d97098a6c","hash":"2627c125fe9fc7ca649f1fde46c971eba3bc2e80"}
,"/Users/timothy.hawkins/Desktop/dev/food-data-service/routes/restaurants.js": {"path":"/Users/timothy.hawkins/Desktop/dev/food-data-service/routes/restaurants.js","statementMap":{"0":{"start":{"line":1,"column":16},"end":{"line":1,"column":34}},"1":{"start":{"line":2,"column":15},"end":{"line":2,"column":31}},"2":{"start":{"line":3,"column":14},"end":{"line":3,"column":46}},"3":{"start":{"line":5,"column":0},"end":{"line":11,"column":3}},"4":{"start":{"line":6,"column":21},"end":{"line":6,"column":58}},"5":{"start":{"line":7,"column":2},"end":{"line":9,"column":3}},"6":{"start":{"line":8,"column":4},"end":{"line":8,"column":78}},"7":{"start":{"line":10,"column":2},"end":{"line":10,"column":23}},"8":{"start":{"line":13,"column":0},"end":{"line":19,"column":3}},"9":{"start":{"line":14,"column":22},"end":{"line":14,"column":50}},"10":{"start":{"line":15,"column":2},"end":{"line":17,"column":3}},"11":{"start":{"line":16,"column":4},"end":{"line":16,"column":61}},"12":{"start":{"line":18,"column":2},"end":{"line":18,"column":24}},"13":{"start":{"line":21,"column":0},"end":{"line":24,"column":3}},"14":{"start":{"line":22,"column":21},"end":{"line":22,"column":57}},"15":{"start":{"line":23,"column":2},"end":{"line":23,"column":23}},"16":{"start":{"line":26,"column":0},"end":{"line":26,"column":24}}},"fnMap":{"0":{"name":"(anonymous_0)","decl":{"start":{"line":5,"column":25},"end":{"line":5,"column":26}},"loc":{"start":{"line":5,"column":45},"end":{"line":11,"column":1}},"line":5},"1":{"name":"(anonymous_1)","decl":{"start":{"line":13,"column":16},"end":{"line":13,"column":17}},"loc":{"start":{"line":13,"column":36},"end":{"line":19,"column":1}},"line":13},"2":{"name":"(anonymous_2)","decl":{"start":{"line":21,"column":17},"end":{"line":21,"column":18}},"loc":{"start":{"line":21,"column":37},"end":{"line":24,"column":1}},"line":21}},"branchMap":{"0":{"loc":{"start":{"line":7,"column":2},"end":{"line":9,"column":3}},"type":"if","locations":[{"start":{"line":7,"column":2},"end":{"line":9,"column":3}},{"start":{"line":7,"column":2},"end":{"line":9,"column":3}}],"line":7},"1":{"loc":{"start":{"line":15,"column":2},"end":{"line":17,"column":3}},"type":"if","locations":[{"start":{"line":15,"column":2},"end":{"line":17,"column":3}},{"start":{"line":15,"column":2},"end":{"line":17,"column":3}}],"line":15}},"s":{"0":1,"1":1,"2":1,"3":1,"4":1,"5":1,"6":0,"7":1,"8":1,"9":2,"10":2,"11":0,"12":2,"13":1,"14":0,"15":0,"16":1},"f":{"0":1,"1":2,"2":0},"b":{"0":[0,1],"1":[0,2]},"_coverageSchema":"332fd63041d2c1bcb487cc26dd0d5f7d97098a6c","hash":"dbe8fc34b32915d2e096fe703cd75f8e345498df"}
}
