TN:
SF:/Users/timothy.hawkins/Desktop/dev/food-data-service/index.js
FN:9,(anonymous_0)
FN:10,(anonymous_1)
FN:13,(anonymous_2)
FN:23,(anonymous_3)
FN:27,(anonymous_4)
FNF:5
FNH:3
FNDA:1,(anonymous_0)
FNDA:0,(anonymous_1)
FNDA:3,(anonymous_2)
FNDA:1,(anonymous_3)
FNDA:0,(anonymous_4)
DA:1,1
DA:2,1
DA:3,1
DA:4,1
DA:5,1
DA:6,1
DA:8,1
DA:9,1
DA:10,0
DA:12,1
DA:13,1
DA:14,3
DA:15,3
DA:16,3
DA:17,3
DA:18,3
DA:21,1
DA:23,1
DA:24,1
DA:27,1
DA:28,0
DA:31,1
LF:22
LH:20
BRDA:5,0,0,1
BRDA:5,0,1,1
BRF:2
BRH:2
end_of_record
TN:
SF:/Users/timothy.hawkins/Desktop/dev/food-data-service/models/restaurants.js
FN:20,getRestaurant
FN:25,getRestaurants
FN:30,postRestaurant
FNF:3
FNH:2
FNDA:1,getRestaurant
FNDA:2,getRestaurants
FNDA:0,postRestaurant
DA:1,1
DA:3,1
DA:18,1
DA:21,1
DA:26,2
DA:27,2
DA:31,0
DA:36,0
DA:39,1
LF:9
LH:7
BRF:0
BRH:0
end_of_record
TN:
SF:/Users/timothy.hawkins/Desktop/dev/food-data-service/routes/restaurants.js
FN:5,(anonymous_0)
FN:13,(anonymous_1)
FN:21,(anonymous_2)
FNF:3
FNH:2
FNDA:1,(anonymous_0)
FNDA:2,(anonymous_1)
FNDA:0,(anonymous_2)
DA:1,1
DA:2,1
DA:3,1
DA:5,1
DA:6,1
DA:7,1
DA:8,0
DA:10,1
DA:13,1
DA:14,2
DA:15,2
DA:16,0
DA:18,2
DA:21,1
DA:22,0
DA:23,0
DA:26,1
LF:17
LH:13
BRDA:7,0,0,0
BRDA:7,0,1,1
BRDA:15,1,0,0
BRDA:15,1,1,2
BRF:4
BRH:2
end_of_record
